2026-07-07 17:18:45,913 INFO o.a.j.u.JMeterUtils: Setting Locale to en_EN
2026-07-07 17:18:45,930 INFO o.a.j.JMeter: Loading user properties from: /home/aleiyv/apache-jmeter-5.6.3/bin/user.properties
2026-07-07 17:18:45,931 INFO o.a.j.JMeter: Loading system properties from: /home/aleiyv/apache-jmeter-5.6.3/bin/system.properties
2026-07-07 17:18:45,936 INFO o.a.j.JMeter: Copyright (c) 1998-2024 The Apache Software Foundation
2026-07-07 17:18:45,936 INFO o.a.j.JMeter: Version 5.6.3
2026-07-07 17:18:45,936 INFO o.a.j.JMeter: java.version=21.0.11
2026-07-07 17:18:45,936 INFO o.a.j.JMeter: java.vm.name=OpenJDK 64-Bit Server VM
2026-07-07 17:18:45,936 INFO o.a.j.JMeter: os.name=Linux
2026-07-07 17:18:45,936 INFO o.a.j.JMeter: os.arch=amd64
2026-07-07 17:18:45,936 INFO o.a.j.JMeter: os.version=6.17.0-23-generic
2026-07-07 17:18:45,936 INFO o.a.j.JMeter: file.encoding=UTF-8
2026-07-07 17:18:45,936 INFO o.a.j.JMeter: java.awt.headless=true
2026-07-07 17:18:45,936 INFO o.a.j.JMeter: Max memory     =1073741824
2026-07-07 17:18:45,936 INFO o.a.j.JMeter: Available Processors =12
2026-07-07 17:18:45,947 INFO o.a.j.JMeter: Default Locale=English (EN)
2026-07-07 17:18:45,947 INFO o.a.j.JMeter: JMeter  Locale=English (EN)
2026-07-07 17:18:45,947 INFO o.a.j.JMeter: JMeterHome=/home/aleiyv/apache-jmeter-5.6.3
2026-07-07 17:18:45,947 INFO o.a.j.JMeter: user.dir  =/home/aleiyv/NetBeansProjects/Grupo6_SistemaViajes-master/PruebasJMeter
2026-07-07 17:18:45,947 INFO o.a.j.JMeter: PWD       =/home/aleiyv/NetBeansProjects/Grupo6_SistemaViajes-master/PruebasJMeter
2026-07-07 17:18:45,948 INFO o.a.j.JMeter: IP: 127.0.1.1 Name: aleiyv-HP-Laptop-15-ef2xxx FullName: aleiyv-HP-Laptop-15-ef2xxx
2026-07-07 17:18:45,958 INFO o.a.j.JMeter: Setting property 'jmeter.reportgenerator.outputdir' to:'/home/aleiyv/NetBeansProjects/Grupo6_SistemaViajes-master/PruebasJMeter/informe'
2026-07-07 17:18:45,961 INFO o.a.j.s.FileServer: Default base='/home/aleiyv/NetBeansProjects/Grupo6_SistemaViajes-master/PruebasJMeter'
2026-07-07 17:18:45,962 INFO o.a.j.s.FileServer: Set new base='/home/aleiyv/NetBeansProjects/Grupo6_SistemaViajes-master/PruebasJMeter'
2026-07-07 17:18:46,146 INFO o.a.j.s.SaveService: Testplan (JMX) version: 2.2. Testlog (JTL) version: 2.2
2026-07-07 17:18:46,172 INFO o.a.j.s.SaveService: Using SaveService properties version 5.0
2026-07-07 17:18:46,176 INFO o.a.j.s.SaveService: Using SaveService properties file encoding UTF-8
2026-07-07 17:18:46,180 INFO o.a.j.s.SaveService: Loading file: Soporte_TestPlan.jmx
2026-07-07 17:18:46,239 INFO o.a.j.JMeter: Creating summariser <summary>
2026-07-07 17:18:46,243 INFO o.a.j.r.d.ReportGenerator: ReportGenerator will use for Parsing the separator: ','
2026-07-07 17:18:46,243 INFO o.a.j.r.d.ReportGenerator: Will generate report at end of test from  results file: resultados.jtl
2026-07-07 17:18:46,243 INFO o.a.j.r.d.ReportGenerator: Reading report generator properties from: /home/aleiyv/apache-jmeter-5.6.3/bin/reportgenerator.properties
2026-07-07 17:18:46,244 INFO o.a.j.r.d.ReportGenerator: Merging with JMeter properties
2026-07-07 17:18:46,247 INFO o.a.j.r.c.ReportGeneratorConfiguration: Property 'jmeter.reportgenerator.temp_dir' not found, using default value 'temp' instead.
2026-07-07 17:18:46,249 INFO o.a.j.r.c.ReportGeneratorConfiguration: Property 'jmeter.reportgenerator.apdex_per_transaction' not found, using default value 'null' instead.
2026-07-07 17:18:46,256 INFO o.a.j.r.c.ReportGeneratorConfiguration: apdex_per_transaction is empty, not APDEX per transaction customization
2026-07-07 17:18:46,256 INFO o.a.j.r.c.ReportGeneratorConfiguration: Property 'jmeter.reportgenerator.sample_filter' not found, using default value 'null' instead.
2026-07-07 17:18:46,256 INFO o.a.j.r.c.ReportGeneratorConfiguration: Property 'jmeter.reportgenerator.report_title' not found, using default value 'null' instead.
2026-07-07 17:18:46,256 INFO o.a.j.r.c.ReportGeneratorConfiguration: Property 'jmeter.reportgenerator.start_date' not found, using default value 'null' instead.
2026-07-07 17:18:46,256 INFO o.a.j.r.c.ReportGeneratorConfiguration: Property 'jmeter.reportgenerator.end_date' not found, using default value 'null' instead.
2026-07-07 17:18:46,256 INFO o.a.j.r.c.ReportGeneratorConfiguration: Property 'jmeter.reportgenerator.date_format' not found, using default value 'null' instead.
2026-07-07 17:18:46,257 INFO o.a.j.r.c.ReportGeneratorConfiguration: Will use date range start date: null, end date: null
2026-07-07 17:18:46,260 INFO o.a.j.r.c.ReportGeneratorConfiguration: Property 'jmeter.reportgenerator.graph.totalTPS.exclude_controllers' not found, using default value 'false' instead.
2026-07-07 17:18:46,260 INFO o.a.j.r.c.ReportGeneratorConfiguration: Property 'jmeter.reportgenerator.graph.activeThreadsOverTime.exclude_controllers' not found, using default value 'false' instead.
2026-07-07 17:18:46,260 INFO o.a.j.r.c.ReportGeneratorConfiguration: Property 'jmeter.reportgenerator.graph.timeVsThreads.exclude_controllers' not found, using default value 'false' instead.
2026-07-07 17:18:46,260 INFO o.a.j.r.c.ReportGeneratorConfiguration: Property 'jmeter.reportgenerator.graph.responseTimeDistribution.exclude_controllers' not found, using default value 'false' instead.
2026-07-07 17:18:46,260 INFO o.a.j.r.c.ReportGeneratorConfiguration: Property 'jmeter.reportgenerator.graph.transactionsPerSecond.exclude_controllers' not found, using default value 'false' instead.
2026-07-07 17:18:46,261 INFO o.a.j.r.c.ReportGeneratorConfiguration: Property 'jmeter.reportgenerator.graph.responseTimePercentiles.exclude_controllers' not found, using default value 'false' instead.
2026-07-07 17:18:46,261 INFO o.a.j.r.c.ReportGeneratorConfiguration: Property 'jmeter.reportgenerator.graph.responseTimePercentilesOverTime.exclude_controllers' not found, using default value 'false' instead.
2026-07-07 17:18:46,261 INFO o.a.j.r.c.ReportGeneratorConfiguration: Property 'jmeter.reportgenerator.graph.responseTimesOverTime.exclude_controllers' not found, using default value 'false' instead.
2026-07-07 17:18:46,261 INFO o.a.j.r.c.ReportGeneratorConfiguration: Property 'jmeter.reportgenerator.graph.connectTimeOverTime.exclude_controllers' not found, using default value 'false' instead.
2026-07-07 17:18:46,261 INFO o.a.j.r.c.ReportGeneratorConfiguration: Property 'jmeter.reportgenerator.graph.latenciesOverTime.exclude_controllers' not found, using default value 'false' instead.
2026-07-07 17:18:46,262 INFO o.a.j.r.c.ReportGeneratorConfiguration: Property 'jmeter.reportgenerator.exporter.json.filters_only_sample_series' not found, using default value 'true' instead.
2026-07-07 17:18:46,262 INFO o.a.j.r.c.ReportGeneratorConfiguration: Property 'jmeter.reportgenerator.exporter.json.series_filter' not found, using default value '' instead.
2026-07-07 17:18:46,262 INFO o.a.j.r.c.ReportGeneratorConfiguration: Property 'jmeter.reportgenerator.exporter.json.show_controllers_only' not found, using default value 'false' instead.
2026-07-07 17:18:46,262 INFO o.a.j.r.c.ReportGeneratorConfiguration: Property 'jmeter.reportgenerator.exporter.html.filters_only_sample_series' not found, using default value 'true' instead.
2026-07-07 17:18:46,263 INFO o.a.j.r.c.ReportGeneratorConfiguration: Property 'jmeter.reportgenerator.exporter.html.series_filter' not found, using default value '' instead.
2026-07-07 17:18:46,263 INFO o.a.j.r.c.ReportGeneratorConfiguration: Property 'jmeter.reportgenerator.exporter.html.show_controllers_only' not found, using default value 'false' instead.
2026-07-07 17:18:46,272 INFO o.a.j.e.StandardJMeterEngine: Running the test!
2026-07-07 17:18:46,273 INFO o.a.j.s.SampleEvent: List of sample_variables: []
2026-07-07 17:18:46,273 INFO o.a.j.s.SampleEvent: List of sample_variables: []
2026-07-07 17:18:46,277 INFO o.a.j.e.u.CompoundVariable: Note: Function class names must contain the string: '.functions.'
2026-07-07 17:18:46,277 INFO o.a.j.e.u.CompoundVariable: Note: Function class names must not contain the string: '.gui.'
2026-07-07 17:18:46,404 INFO o.a.j.JMeter: Running test (1783462726404)
2026-07-07 17:18:46,425 INFO o.a.j.e.StandardJMeterEngine: Starting ThreadGroup: 1 : Usuarios concurrentes de Soporte
2026-07-07 17:18:46,425 INFO o.a.j.e.StandardJMeterEngine: Starting 20 threads for group Usuarios concurrentes de Soporte.
2026-07-07 17:18:46,425 INFO o.a.j.e.StandardJMeterEngine: Thread will continue on error
2026-07-07 17:18:46,425 INFO o.a.j.t.ThreadGroup: Starting thread group... number=1 threads=20 ramp-up=5 delayedStart=false
2026-07-07 17:18:46,432 INFO o.a.j.t.JMeterThread: Thread started: Usuarios concurrentes de Soporte 1-1
2026-07-07 17:18:46,438 INFO o.a.j.t.ThreadGroup: Started thread group number 1
2026-07-07 17:18:46,438 INFO o.a.j.e.StandardJMeterEngine: All thread groups have been started
2026-07-07 17:18:46,450 INFO o.a.j.s.SampleResult: Note: Sample TimeStamps are START times
2026-07-07 17:18:46,451 INFO o.a.j.s.SampleResult: sampleresult.default.encoding is set to UTF-8
2026-07-07 17:18:46,451 INFO o.a.j.s.SampleResult: sampleresult.useNanoTime=true
2026-07-07 17:18:46,451 INFO o.a.j.s.SampleResult: sampleresult.nanoThreadSleep=5000
2026-07-07 17:18:46,679 INFO o.a.j.t.JMeterThread: Thread started: Usuarios concurrentes de Soporte 1-2
2026-07-07 17:18:46,928 INFO o.a.j.t.JMeterThread: Thread started: Usuarios concurrentes de Soporte 1-3
2026-07-07 17:18:47,169 INFO o.a.j.t.JMeterThread: Thread is done: Usuarios concurrentes de Soporte 1-1
2026-07-07 17:18:47,169 INFO o.a.j.t.JMeterThread: Thread finished: Usuarios concurrentes de Soporte 1-1
2026-07-07 17:18:47,173 INFO o.a.j.t.JMeterThread: Thread is done: Usuarios concurrentes de Soporte 1-3
2026-07-07 17:18:47,173 INFO o.a.j.t.JMeterThread: Thread finished: Usuarios concurrentes de Soporte 1-3
2026-07-07 17:18:47,177 INFO o.a.j.t.JMeterThread: Thread is done: Usuarios concurrentes de Soporte 1-2
2026-07-07 17:18:47,177 INFO o.a.j.t.JMeterThread: Thread finished: Usuarios concurrentes de Soporte 1-2
2026-07-07 17:18:47,178 INFO o.a.j.t.JMeterThread: Thread started: Usuarios concurrentes de Soporte 1-4
2026-07-07 17:18:47,275 INFO o.a.j.t.JMeterThread: Thread is done: Usuarios concurrentes de Soporte 1-4
2026-07-07 17:18:47,275 INFO o.a.j.t.JMeterThread: Thread finished: Usuarios concurrentes de Soporte 1-4
2026-07-07 17:18:47,427 INFO o.a.j.t.JMeterThread: Thread started: Usuarios concurrentes de Soporte 1-5
2026-07-07 17:18:47,530 INFO o.a.j.t.JMeterThread: Thread is done: Usuarios concurrentes de Soporte 1-5
2026-07-07 17:18:47,530 INFO o.a.j.t.JMeterThread: Thread finished: Usuarios concurrentes de Soporte 1-5
2026-07-07 17:18:47,676 INFO o.a.j.t.JMeterThread: Thread started: Usuarios concurrentes de Soporte 1-6
2026-07-07 17:18:47,777 INFO o.a.j.t.JMeterThread: Thread is done: Usuarios concurrentes de Soporte 1-6
2026-07-07 17:18:47,777 INFO o.a.j.t.JMeterThread: Thread finished: Usuarios concurrentes de Soporte 1-6
2026-07-07 17:18:47,926 INFO o.a.j.t.JMeterThread: Thread started: Usuarios concurrentes de Soporte 1-7
2026-07-07 17:18:48,030 INFO o.a.j.t.JMeterThread: Thread is done: Usuarios concurrentes de Soporte 1-7
2026-07-07 17:18:48,030 INFO o.a.j.t.JMeterThread: Thread finished: Usuarios concurrentes de Soporte 1-7
2026-07-07 17:18:48,176 INFO o.a.j.t.JMeterThread: Thread started: Usuarios concurrentes de Soporte 1-8
2026-07-07 17:18:48,276 INFO o.a.j.t.JMeterThread: Thread is done: Usuarios concurrentes de Soporte 1-8
2026-07-07 17:18:48,276 INFO o.a.j.t.JMeterThread: Thread finished: Usuarios concurrentes de Soporte 1-8
2026-07-07 17:18:48,427 INFO o.a.j.t.JMeterThread: Thread started: Usuarios concurrentes de Soporte 1-9
2026-07-07 17:18:48,531 INFO o.a.j.t.JMeterThread: Thread is done: Usuarios concurrentes de Soporte 1-9
2026-07-07 17:18:48,531 INFO o.a.j.t.JMeterThread: Thread finished: Usuarios concurrentes de Soporte 1-9
2026-07-07 17:18:48,676 INFO o.a.j.t.JMeterThread: Thread started: Usuarios concurrentes de Soporte 1-10
2026-07-07 17:18:48,766 INFO o.a.j.t.JMeterThread: Thread is done: Usuarios concurrentes de Soporte 1-10
2026-07-07 17:18:48,766 INFO o.a.j.t.JMeterThread: Thread finished: Usuarios concurrentes de Soporte 1-10
2026-07-07 17:18:48,926 INFO o.a.j.t.JMeterThread: Thread started: Usuarios concurrentes de Soporte 1-11
2026-07-07 17:18:49,011 INFO o.a.j.t.JMeterThread: Thread is done: Usuarios concurrentes de Soporte 1-11
2026-07-07 17:18:49,011 INFO o.a.j.t.JMeterThread: Thread finished: Usuarios concurrentes de Soporte 1-11
2026-07-07 17:18:49,176 INFO o.a.j.t.JMeterThread: Thread started: Usuarios concurrentes de Soporte 1-12
2026-07-07 17:18:49,273 INFO o.a.j.t.JMeterThread: Thread is done: Usuarios concurrentes de Soporte 1-12
2026-07-07 17:18:49,273 INFO o.a.j.t.JMeterThread: Thread finished: Usuarios concurrentes de Soporte 1-12
2026-07-07 17:18:49,426 INFO o.a.j.t.JMeterThread: Thread started: Usuarios concurrentes de Soporte 1-13
2026-07-07 17:18:49,521 INFO o.a.j.t.JMeterThread: Thread is done: Usuarios concurrentes de Soporte 1-13
2026-07-07 17:18:49,521 INFO o.a.j.t.JMeterThread: Thread finished: Usuarios concurrentes de Soporte 1-13
2026-07-07 17:18:49,675 INFO o.a.j.t.JMeterThread: Thread started: Usuarios concurrentes de Soporte 1-14
2026-07-07 17:18:49,764 INFO o.a.j.t.JMeterThread: Thread is done: Usuarios concurrentes de Soporte 1-14
2026-07-07 17:18:49,764 INFO o.a.j.t.JMeterThread: Thread finished: Usuarios concurrentes de Soporte 1-14
2026-07-07 17:18:49,927 INFO o.a.j.t.JMeterThread: Thread started: Usuarios concurrentes de Soporte 1-15
2026-07-07 17:18:50,020 INFO o.a.j.t.JMeterThread: Thread is done: Usuarios concurrentes de Soporte 1-15
2026-07-07 17:18:50,020 INFO o.a.j.t.JMeterThread: Thread finished: Usuarios concurrentes de Soporte 1-15
2026-07-07 17:18:50,175 INFO o.a.j.t.JMeterThread: Thread started: Usuarios concurrentes de Soporte 1-16
2026-07-07 17:18:50,268 INFO o.a.j.t.JMeterThread: Thread is done: Usuarios concurrentes de Soporte 1-16
2026-07-07 17:18:50,268 INFO o.a.j.t.JMeterThread: Thread finished: Usuarios concurrentes de Soporte 1-16
2026-07-07 17:18:50,426 INFO o.a.j.t.JMeterThread: Thread started: Usuarios concurrentes de Soporte 1-17
2026-07-07 17:18:50,523 INFO o.a.j.t.JMeterThread: Thread is done: Usuarios concurrentes de Soporte 1-17
2026-07-07 17:18:50,524 INFO o.a.j.t.JMeterThread: Thread finished: Usuarios concurrentes de Soporte 1-17
2026-07-07 17:18:50,676 INFO o.a.j.t.JMeterThread: Thread started: Usuarios concurrentes de Soporte 1-18
2026-07-07 17:18:50,769 INFO o.a.j.t.JMeterThread: Thread is done: Usuarios concurrentes de Soporte 1-18
2026-07-07 17:18:50,769 INFO o.a.j.t.JMeterThread: Thread finished: Usuarios concurrentes de Soporte 1-18
2026-07-07 17:18:50,926 INFO o.a.j.t.JMeterThread: Thread started: Usuarios concurrentes de Soporte 1-19
2026-07-07 17:18:51,023 INFO o.a.j.t.JMeterThread: Thread is done: Usuarios concurrentes de Soporte 1-19
2026-07-07 17:18:51,023 INFO o.a.j.t.JMeterThread: Thread finished: Usuarios concurrentes de Soporte 1-19
2026-07-07 17:18:51,176 INFO o.a.j.t.JMeterThread: Thread started: Usuarios concurrentes de Soporte 1-20
2026-07-07 17:18:51,270 INFO o.a.j.t.JMeterThread: Thread is done: Usuarios concurrentes de Soporte 1-20
2026-07-07 17:18:51,270 INFO o.a.j.t.JMeterThread: Thread finished: Usuarios concurrentes de Soporte 1-20
2026-07-07 17:18:51,270 INFO o.a.j.e.StandardJMeterEngine: Notifying test listeners of end of test
2026-07-07 17:18:51,275 INFO o.a.j.r.Summariser: summary =    400 in 00:00:05 =   82.1/s Avg:     7 Min:     2 Max:   570 Err:     0 (0.00%)
2026-07-07 17:18:51,276 INFO o.a.j.JMeter: Generating Dashboard
2026-07-07 17:18:51,276 INFO o.a.j.r.d.ReportGenerator: Flushing result collector before report Generation
2026-07-07 17:18:51,286 INFO o.a.j.r.p.NormalizerSampleConsumer: Using format, 'ms', to parse timeStamp field
2026-07-07 17:18:51,369 INFO o.a.j.r.p.AbstractSampleConsumer: class org.apache.jmeter.report.processor.AggregateConsumer#stopProducing(): beginDate produced 0 samples
2026-07-07 17:18:51,369 INFO o.a.j.r.p.AbstractSampleConsumer: class org.apache.jmeter.report.processor.AggregateConsumer#stopProducing(): endDate produced 0 samples
2026-07-07 17:18:51,370 INFO o.a.j.r.p.AbstractSampleConsumer: class org.apache.jmeter.report.processor.ApdexSummaryConsumer#stopProducing(): apdexSummary produced 0 samples
2026-07-07 17:18:51,371 INFO o.a.j.r.p.AbstractSampleConsumer: class org.apache.jmeter.report.processor.RequestsSummaryConsumer#stopProducing(): requestsSummary produced 0 samples
2026-07-07 17:18:51,374 INFO o.a.j.r.p.AbstractSampleConsumer: class org.apache.jmeter.report.processor.StatisticsSummaryConsumer#stopProducing(): statisticsSummary produced 0 samples
2026-07-07 17:18:51,377 INFO o.a.j.r.p.AbstractSampleConsumer: class org.apache.jmeter.report.processor.Top5ErrorsBySamplerConsumer#stopProducing(): top5ErrorsBySampler produced 0 samples
2026-07-07 17:18:51,377 INFO o.a.j.r.p.AbstractSampleConsumer: class org.apache.jmeter.report.processor.ErrorsSummaryConsumer#stopProducing(): errorsSummary produced 0 samples
2026-07-07 17:18:51,377 INFO o.a.j.r.p.AbstractSampleConsumer: class org.apache.jmeter.report.processor.graph.impl.HitsPerSecondGraphConsumer#stopProducing(): hitsPerSecond produced 0 samples
2026-07-07 17:18:51,396 INFO o.a.j.r.p.AbstractSampleConsumer: class org.apache.jmeter.report.processor.graph.impl.LatencyVSRequestGraphConsumer#stopProducing(): latencyVsRequest produced 0 samples
2026-07-07 17:18:51,396 INFO o.a.j.r.p.AbstractSampleConsumer: class org.apache.jmeter.report.processor.graph.impl.SyntheticResponseTimeDistributionGraphConsumer#stopProducing(): syntheticResponseTimeDistribution produced 0 samples
2026-07-07 17:18:51,397 INFO o.a.j.r.p.AbstractSampleConsumer: class org.apache.jmeter.report.processor.graph.impl.BytesThroughputGraphConsumer#stopProducing(): bytesThroughputOverTime produced 0 samples
2026-07-07 17:18:51,397 INFO o.a.j.r.p.AbstractSampleConsumer: class org.apache.jmeter.report.processor.graph.impl.CodesPerSecondGraphConsumer#stopProducing(): codesPerSecond produced 0 samples
2026-07-07 17:18:51,404 INFO o.a.j.r.p.AbstractSampleConsumer: class org.apache.jmeter.report.processor.graph.impl.ResponseTimeVSRequestGraphConsumer#stopProducing(): responseTimeVsRequest produced 0 samples
2026-07-07 17:18:51,405 INFO o.a.j.r.p.AbstractSampleConsumer: class org.apache.jmeter.report.processor.FilterConsumer#stopProducing(): startIntervalControlerFilter produced 2800 samples
2026-07-07 17:18:51,405 INFO o.a.j.r.p.AbstractSampleConsumer: class org.apache.jmeter.report.processor.graph.impl.TotalTPSGraphConsumer#stopProducing(): totalTPS produced 0 samples
2026-07-07 17:18:51,405 INFO o.a.j.r.p.AbstractSampleConsumer: class org.apache.jmeter.report.processor.graph.impl.ActiveThreadsGraphConsumer#stopProducing(): activeThreadsOverTime produced 0 samples
2026-07-07 17:18:51,405 INFO o.a.j.r.p.AbstractSampleConsumer: class org.apache.jmeter.report.processor.graph.impl.TimeVSThreadGraphConsumer#stopProducing(): timeVsThreads produced 0 samples
2026-07-07 17:18:51,405 INFO o.a.j.r.p.AbstractSampleConsumer: class org.apache.jmeter.report.processor.graph.impl.ResponseTimeDistributionGraphConsumer#stopProducing(): responseTimeDistribution produced 0 samples
2026-07-07 17:18:51,405 INFO o.a.j.r.p.AbstractSampleConsumer: class org.apache.jmeter.report.processor.graph.impl.TransactionsPerSecondGraphConsumer#stopProducing(): transactionsPerSecond produced 0 samples
2026-07-07 17:18:51,405 INFO o.a.j.r.p.AbstractSampleConsumer: class org.apache.jmeter.report.processor.graph.impl.ResponseTimePercentilesGraphConsumer#stopProducing(): responseTimePercentiles produced 0 samples
2026-07-07 17:18:51,406 INFO o.a.j.r.p.AbstractSampleConsumer: class org.apache.jmeter.report.processor.graph.impl.ResponseTimePercentilesOverTimeGraphConsumer#stopProducing(): responseTimePercentilesOverTime produced 0 samples
2026-07-07 17:18:51,406 INFO o.a.j.r.p.AbstractSampleConsumer: class org.apache.jmeter.report.processor.graph.impl.ResponseTimeOverTimeGraphConsumer#stopProducing(): responseTimesOverTime produced 0 samples
2026-07-07 17:18:51,407 INFO o.a.j.r.p.AbstractSampleConsumer: class org.apache.jmeter.report.processor.graph.impl.ConnectTimeOverTimeGraphConsumer#stopProducing(): connectTimeOverTime produced 0 samples
2026-07-07 17:18:51,407 INFO o.a.j.r.p.AbstractSampleConsumer: class org.apache.jmeter.report.processor.graph.impl.LatencyOverTimeGraphConsumer#stopProducing(): latenciesOverTime produced 0 samples
2026-07-07 17:18:51,407 INFO o.a.j.r.p.AbstractSampleConsumer: class org.apache.jmeter.report.processor.FilterConsumer#stopProducing(): nameFilter produced 6000 samples
2026-07-07 17:18:51,407 INFO o.a.j.r.p.AbstractSampleConsumer: class org.apache.jmeter.report.processor.FilterConsumer#stopProducing(): dateRangeFilter produced 1200 samples
2026-07-07 17:18:51,407 INFO o.a.j.r.p.AbstractSampleConsumer: class org.apache.jmeter.report.processor.NormalizerSampleConsumer#stopProducing(): normalizer produced 400 samples
2026-07-07 17:18:51,407 INFO o.a.j.r.p.CsvFileSampleSource: produce(): 400 samples produced in 94ms on channel 0
2026-07-07 17:18:51,408 INFO o.a.j.r.d.ReportGenerator: Exporting data using exporter:'json' of className:'org.apache.jmeter.report.dashboard.JsonExporter'
2026-07-07 17:18:51,475 INFO o.a.j.r.d.JsonExporter: Found data for consumer statisticsSummary in context
2026-07-07 17:18:51,476 INFO o.a.j.r.d.JsonExporter: Creating statistics for overall
2026-07-07 17:18:51,476 INFO o.a.j.r.d.JsonExporter: Creating statistics for other transactions
2026-07-07 17:18:51,476 INFO o.a.j.r.d.JsonExporter: Checking output folder
2026-07-07 17:18:51,477 INFO o.a.j.r.d.JsonExporter: Writing statistics JSON to /home/aleiyv/NetBeansProjects/Grupo6_SistemaViajes-master/PruebasJMeter/informe/statistics.json
2026-07-07 17:18:51,517 INFO o.a.j.r.d.ReportGenerator: Exporting data using exporter:'html' of className:'org.apache.jmeter.report.dashboard.HtmlTemplateExporter'
2026-07-07 17:18:51,519 INFO o.a.j.r.d.HtmlTemplateExporter: Will generate dashboard in folder: /home/aleiyv/NetBeansProjects/Grupo6_SistemaViajes-master/PruebasJMeter/informe
2026-07-07 17:18:51,607 INFO o.a.j.r.d.HtmlTemplateExporter: Report will be generated in: /home/aleiyv/NetBeansProjects/Grupo6_SistemaViajes-master/PruebasJMeter/informe, creating folder structure
2026-07-07 17:18:51,609 INFO o.a.j.r.d.TemplateVisitor: Copying folder from '/home/aleiyv/apache-jmeter-5.6.3/bin/report-template' to '/home/aleiyv/NetBeansProjects/Grupo6_SistemaViajes-master/PruebasJMeter/informe', got message: /home/aleiyv/NetBeansProjects/Grupo6_SistemaViajes-master/PruebasJMeter/informe, found non empty folder with following content [/home/aleiyv/NetBeansProjects/Grupo6_SistemaViajes-master/PruebasJMeter/informe/statistics.json], will be ignored
2026-07-07 17:18:51,774 INFO o.a.j.JMeter: Dashboard generated
